<?xml version="1.0" encoding="UTF-8"?>
<!-- Generated by org.testng.reporters.JUnitReportReporter -->
<testsuite hostname="server" failures="0" tests="1" name="com.testcases.LoginTest" time="5.102" errors="0" timestamp="2022-11-20T14:43:20 IST" skipped="0">
  <testcase classname="com.testcases.LoginTest" name="login" time="5.102"/>
  <system-out/>
</testsuite> <!-- com.testcases.LoginTest -->
