<?xml version="1.0" encoding="UTF-8"?>
<!-- Generated by org.testng.reporters.JUnitReportReporter -->
<testsuite hostname="server" failures="0" tests="1" name="com.testcases.LoginTest$Login" time="3.992" errors="0" timestamp="2022-11-20T13:45:11 IST" skipped="0">
  <testcase classname="com.testcases.LoginTest$Login" name="login" time="3.992"/>
  <system-out/>
</testsuite> <!-- com.testcases.LoginTest$Login -->
