<?xml version="1.0" encoding="UTF-8"?>
<!-- Generated by org.testng.reporters.JUnitReportReporter -->
<testsuite hostname="server" failures="0" tests="1" name="com.testcases.LoginTest$Login" time="4.494" errors="0" timestamp="2022-11-20T14:35:50 IST" skipped="0">
  <testcase classname="com.testcases.LoginTest$Login" name="login" time="4.494"/>
  <system-out/>
</testsuite> <!-- com.testcases.LoginTest$Login -->
