<?xml version="1.0" encoding="UTF-8"?>
<!-- Generated by org.testng.reporters.JUnitReportReporter -->
<testsuite hostname="server" failures="0" tests="1" name="com.testcases.FirstScript" time="7.981" errors="0" timestamp="2022-11-21T17:06:45 IST" skipped="0">
  <testcase classname="com.testcases.FirstScript" name="eightComponents" time="7.981"/>
  <system-out/>
</testsuite> <!-- com.testcases.FirstScript -->
